Jan-18 21:38:14.615 [main] DEBUG nextflow.cli.Launcher - $> nextflow run testmodule.nf
Jan-18 21:38:14.812 [main] DEBUG nextflow.cli.CmdRun - N E X T F L O W  ~  version 24.04.4
Jan-18 21:38:14.861 [main] DEBUG nextflow.plugin.PluginsFacade - Setting up plugin manager > mode=prod; embedded=false; plugins-dir=/home/iaguilar/.nextflow/plugins; core-plugins: nf-amazon@2.5.3,nf-azure@1.6.1,nf-cloudcache@0.4.1,nf-codecommit@0.2.1,nf-console@1.1.3,nf-ga4gh@1.3.0,nf-google@1.13.2-patch1,nf-tower@1.9.1,nf-wave@1.4.2-patch1
Jan-18 21:38:14.882 [main] INFO  o.pf4j.DefaultPluginStatusProvider - Enabled plugins: []
Jan-18 21:38:14.884 [main] INFO  o.pf4j.DefaultPluginStatusProvider - Disabled plugins: []
Jan-18 21:38:14.890 [main] INFO  org.pf4j.DefaultPluginManager - PF4J version 3.12.0 in 'deployment' mode
Jan-18 21:38:14.919 [main] INFO  org.pf4j.AbstractPluginManager - No plugins
Jan-18 21:38:15.060 [main] DEBUG nextflow.cli.CmdRun - Applied DSL=2 from script declaration
Jan-18 21:38:15.096 [main] DEBUG nextflow.cli.CmdRun - Launching `testmodule.nf` [backstabbing_brown] DSL2 - revision: c91bda6475
Jan-18 21:38:15.100 [main] DEBUG nextflow.plugin.PluginsFacade - Plugins default=[]
Jan-18 21:38:15.101 [main] DEBUG nextflow.plugin.PluginsFacade - Plugins resolved requirement=[]
Jan-18 21:38:15.244 [main] DEBUG nextflow.Session - Session UUID: f22d0a28-ad91-4683-8350-eedd4f1bdf8c
Jan-18 21:38:15.245 [main] DEBUG nextflow.Session - Run name: backstabbing_brown
Jan-18 21:38:15.247 [main] DEBUG nextflow.Session - Executor pool size: 4
Jan-18 21:38:15.270 [main] DEBUG nextflow.file.FilePorter - File porter settings maxRetries=3; maxTransfers=50; pollTimeout=null
Jan-18 21:38:15.286 [main] DEBUG nextflow.util.ThreadPoolBuilder - Creating thread pool 'FileTransfer' minSize=10; maxSize=12; workQueue=LinkedBlockingQueue[10000]; allowCoreThreadTimeout=false
Jan-18 21:38:15.327 [main] DEBUG nextflow.cli.CmdRun - 
  Version: 24.04.4 build 5917
  Created: 01-08-2024 07:05 UTC (02:05 CDT)
  System: Linux 6.8.0-49-generic
  Runtime: Groovy 4.0.21 on OpenJDK 64-Bit Server VM 11.0.1+13-LTS
  Encoding: UTF-8 (UTF-8)
  Process: 1278615@esmedev [127.0.1.1]
  CPUs: 4 - Mem: 62.7 GB (46.3 GB) - Swap: 2 GB (2 GB)
Jan-18 21:38:15.367 [main] DEBUG nextflow.Session - Work-dir: /home/iaguilar/Ongoing_projects/origen-VCF2PCP-2/modules/03-vcf2plink/work [ext2/ext3]
Jan-18 21:38:15.368 [main] DEBUG nextflow.Session - Script base path does not exist or is not a directory: /home/iaguilar/Ongoing_projects/origen-VCF2PCP-2/modules/03-vcf2plink/bin
Jan-18 21:38:15.396 [main] DEBUG nextflow.executor.ExecutorFactory - Extension executors providers=[]
Jan-18 21:38:15.416 [main] DEBUG nextflow.Session - Observer factory: DefaultObserverFactory
Jan-18 21:38:15.476 [main] DEBUG nextflow.cache.CacheFactory - Using Nextflow cache factory: nextflow.cache.DefaultCacheFactory
Jan-18 21:38:15.496 [main] DEBUG nextflow.util.CustomThreadPool - Creating default thread pool > poolSize: 5; maxThreads: 1000
Jan-18 21:38:15.628 [main] DEBUG nextflow.Session - Session start
Jan-18 21:38:16.711 [main] DEBUG nextflow.script.ScriptRunner - > Launching execution
Jan-18 21:38:16.740 [main] DEBUG n.secret.LocalSecretsProvider - Secrets store: /home/iaguilar/.nextflow/secrets/store.json
Jan-18 21:38:16.754 [main] DEBUG nextflow.secret.SecretsLoader - Discovered secrets providers: [nextflow.secret.LocalSecretsProvider@47b269c4] - activable => nextflow.secret.LocalSecretsProvider@47b269c4
Jan-18 21:38:17.817 [main] DEBUG nextflow.executor.ExecutorFactory - << taskConfig executor: null
Jan-18 21:38:17.817 [main] DEBUG nextflow.executor.ExecutorFactory - >> processorType: 'local'
Jan-18 21:38:17.830 [main] DEBUG nextflow.executor.Executor - [warm up] executor > local
Jan-18 21:38:17.841 [main] DEBUG n.processor.LocalPollingMonitor - Creating local task monitor for executor 'local' > cpus=4; memory=62.7 GB; capacity=4; pollInterval=100ms; dumpInterval=5m
Jan-18 21:38:17.846 [main] DEBUG n.processor.TaskPollingMonitor - >>> barrier register (monitor: local)
Jan-18 21:38:18.011 [main] DEBUG nextflow.Session - Workflow process names [dsl2]: VCF2PLINK:vcf2plink, vcf2plink
Jan-18 21:38:18.012 [main] DEBUG nextflow.Session - Igniting dataflow network (2)
Jan-18 21:38:18.027 [main] DEBUG nextflow.processor.TaskProcessor - Starting process > VCF2PLINK:vcf2plink
Jan-18 21:38:18.034 [main] DEBUG nextflow.script.ScriptRunner - Parsed script files:
  Script_ab7288f37d3c0143: /home/iaguilar/Ongoing_projects/origen-VCF2PCP-2/modules/03-vcf2plink/./main.nf
  Script_fd8c1a3c0f763f1f: /home/iaguilar/Ongoing_projects/origen-VCF2PCP-2/modules/03-vcf2plink/testmodule.nf
Jan-18 21:38:18.037 [main] DEBUG nextflow.script.ScriptRunner - > Awaiting termination 
Jan-18 21:38:18.038 [main] DEBUG nextflow.Session - Session await
Jan-18 21:38:18.048 [PathVisitor-1] DEBUG nextflow.file.PathVisitor - files for syntax: glob; folder: test/data/; pattern: *.vcf.gz; options: [:]
Jan-18 21:38:18.462 [Task submitter] DEBUG n.executor.local.LocalTaskHandler - Launch cmd line: /bin/bash -ue .command.run
Jan-18 21:38:18.469 [Task submitter] INFO  nextflow.Session - [60/1c79f0] Submitted process > VCF2PLINK:vcf2plink (21_merged_random_variants_miniset.vcf.gz)
Jan-18 21:38:18.632 [Task monitor] DEBUG n.processor.TaskPollingMonitor - Task completed > TaskHandler[id: 1; name: VCF2PLINK:vcf2plink (21_merged_random_variants_miniset.vcf.gz); status: COMPLETED; exit: 0; error: -; workDir: /home/iaguilar/Ongoing_projects/origen-VCF2PCP-2/modules/03-vcf2plink/work/60/1c79f01f147859eda59f815a7ab772]
Jan-18 21:38:18.634 [Task monitor] DEBUG nextflow.util.ThreadPoolBuilder - Creating thread pool 'TaskFinalizer' minSize=10; maxSize=12; workQueue=LinkedBlockingQueue[10000]; allowCoreThreadTimeout=false
Jan-18 21:38:18.751 [main] DEBUG nextflow.Session - Session await > all processes finished
Jan-18 21:38:18.828 [Task monitor] DEBUG n.processor.TaskPollingMonitor - <<< barrier arrives (monitor: local) - terminating tasks monitor poll loop
Jan-18 21:38:18.829 [main] DEBUG nextflow.Session - Session await > all barriers passed
Jan-18 21:38:18.835 [main] DEBUG nextflow.util.ThreadPoolManager - Thread pool 'TaskFinalizer' shutdown completed (hard=false)
Jan-18 21:38:18.846 [main] DEBUG n.trace.WorkflowStatsObserver - Workflow completed > WorkflowStats[succeededCount=1; failedCount=0; ignoredCount=0; cachedCount=0; pendingCount=0; submittedCount=0; runningCount=0; retriesCount=0; abortedCount=0; succeedDuration=59ms; failedDuration=0ms; cachedDuration=0ms;loadCpus=0; loadMemory=0; peakRunning=1; peakCpus=1; peakMemory=0; ]
Jan-18 21:38:18.963 [main] DEBUG nextflow.cache.CacheDB - Closing CacheDB done
Jan-18 21:38:18.995 [main] DEBUG nextflow.util.ThreadPoolManager - Thread pool 'FileTransfer' shutdown completed (hard=false)
Jan-18 21:38:18.996 [main] DEBUG nextflow.script.ScriptRunner - > Execution complete -- Goodbye
