Jan-18 21:40:10.880 [main] DEBUG nextflow.cli.Launcher - $> nextflow run testmodule.nf --seed 100 --admx_threads 1 --amdx_mink 4 --amdx_maxk 3
Jan-18 21:40:11.081 [main] DEBUG nextflow.cli.CmdRun - N E X T F L O W  ~  version 24.04.4
Jan-18 21:40:11.155 [main] DEBUG nextflow.plugin.PluginsFacade - Setting up plugin manager > mode=prod; embedded=false; plugins-dir=/home/iaguilar/.nextflow/plugins; core-plugins: nf-amazon@2.5.3,nf-azure@1.6.1,nf-cloudcache@0.4.1,nf-codecommit@0.2.1,nf-console@1.1.3,nf-ga4gh@1.3.0,nf-google@1.13.2-patch1,nf-tower@1.9.1,nf-wave@1.4.2-patch1
Jan-18 21:40:11.173 [main] INFO  o.pf4j.DefaultPluginStatusProvider - Enabled plugins: []
Jan-18 21:40:11.174 [main] INFO  o.pf4j.DefaultPluginStatusProvider - Disabled plugins: []
Jan-18 21:40:11.180 [main] INFO  org.pf4j.DefaultPluginManager - PF4J version 3.12.0 in 'deployment' mode
Jan-18 21:40:11.203 [main] INFO  org.pf4j.AbstractPluginManager - No plugins
Jan-18 21:40:11.278 [main] DEBUG n.secret.LocalSecretsProvider - Secrets store: /home/iaguilar/.nextflow/secrets/store.json
Jan-18 21:40:11.295 [main] DEBUG nextflow.secret.SecretsLoader - Discovered secrets providers: [nextflow.secret.LocalSecretsProvider@22bb5646] - activable => nextflow.secret.LocalSecretsProvider@22bb5646
Jan-18 21:40:11.382 [main] DEBUG nextflow.cli.CmdRun - Applied DSL=2 from script declaration
Jan-18 21:40:11.408 [main] DEBUG nextflow.cli.CmdRun - Launching `testmodule.nf` [nauseous_brattain] DSL2 - revision: 8e3b352a66
Jan-18 21:40:11.411 [main] DEBUG nextflow.plugin.PluginsFacade - Plugins default=[]
Jan-18 21:40:11.412 [main] DEBUG nextflow.plugin.PluginsFacade - Plugins resolved requirement=[]
Jan-18 21:40:11.537 [main] DEBUG nextflow.Session - Session UUID: 8a7cafcd-3889-421b-8e32-11a467799a46
Jan-18 21:40:11.538 [main] DEBUG nextflow.Session - Run name: nauseous_brattain
Jan-18 21:40:11.539 [main] DEBUG nextflow.Session - Executor pool size: 4
Jan-18 21:40:11.556 [main] DEBUG nextflow.file.FilePorter - File porter settings maxRetries=3; maxTransfers=50; pollTimeout=null
Jan-18 21:40:11.571 [main] DEBUG nextflow.util.ThreadPoolBuilder - Creating thread pool 'FileTransfer' minSize=10; maxSize=12; workQueue=LinkedBlockingQueue[10000]; allowCoreThreadTimeout=false
Jan-18 21:40:11.610 [main] DEBUG nextflow.cli.CmdRun - 
  Version: 24.04.4 build 5917
  Created: 01-08-2024 07:05 UTC (02:05 CDT)
  System: Linux 6.8.0-49-generic
  Runtime: Groovy 4.0.21 on OpenJDK 64-Bit Server VM 11.0.1+13-LTS
  Encoding: UTF-8 (UTF-8)
  Process: 1280930@esmedev [127.0.1.1]
  CPUs: 4 - Mem: 62.7 GB (46.3 GB) - Swap: 2 GB (2 GB)
Jan-18 21:40:11.646 [main] DEBUG nextflow.Session - Work-dir: /home/iaguilar/Ongoing_projects/origen-VCF2PCP-2/modules/05-admixture/work [ext2/ext3]
Jan-18 21:40:11.647 [main] DEBUG nextflow.Session - Script base path does not exist or is not a directory: /home/iaguilar/Ongoing_projects/origen-VCF2PCP-2/modules/05-admixture/bin
Jan-18 21:40:11.662 [main] DEBUG nextflow.executor.ExecutorFactory - Extension executors providers=[]
Jan-18 21:40:11.678 [main] DEBUG nextflow.Session - Observer factory: DefaultObserverFactory
Jan-18 21:40:11.737 [main] DEBUG nextflow.cache.CacheFactory - Using Nextflow cache factory: nextflow.cache.DefaultCacheFactory
Jan-18 21:40:11.754 [main] DEBUG nextflow.util.CustomThreadPool - Creating default thread pool > poolSize: 5; maxThreads: 1000
Jan-18 21:40:11.846 [main] DEBUG nextflow.Session - Session start
Jan-18 21:40:12.998 [main] DEBUG nextflow.script.ScriptRunner - > Launching execution
Jan-18 21:40:14.077 [main] DEBUG nextflow.executor.ExecutorFactory - << taskConfig executor: null
Jan-18 21:40:14.078 [main] DEBUG nextflow.executor.ExecutorFactory - >> processorType: 'local'
Jan-18 21:40:14.091 [main] DEBUG nextflow.executor.Executor - [warm up] executor > local
Jan-18 21:40:14.104 [main] DEBUG n.processor.LocalPollingMonitor - Creating local task monitor for executor 'local' > cpus=4; memory=62.7 GB; capacity=4; pollInterval=100ms; dumpInterval=5m
Jan-18 21:40:14.112 [main] DEBUG n.processor.TaskPollingMonitor - >>> barrier register (monitor: local)
Jan-18 21:40:14.287 [main] DEBUG nextflow.Session - Workflow process names [dsl2]: admixture, ADMIXTURE:admixture
Jan-18 21:40:14.288 [main] DEBUG nextflow.Session - Igniting dataflow network (3)
Jan-18 21:40:14.304 [main] DEBUG nextflow.processor.TaskProcessor - Starting process > ADMIXTURE:admixture
Jan-18 21:40:14.305 [PathVisitor-1] DEBUG nextflow.file.PathVisitor - files for syntax: glob; folder: test/data/; pattern: allwgs.*; options: [:]
Jan-18 21:40:14.308 [main] DEBUG nextflow.script.ScriptRunner - Parsed script files:
  Script_efb8d72a105aacbc: /home/iaguilar/Ongoing_projects/origen-VCF2PCP-2/modules/05-admixture/testmodule.nf
  Script_66be84c6c0482052: /home/iaguilar/Ongoing_projects/origen-VCF2PCP-2/modules/05-admixture/./main.nf
Jan-18 21:40:14.309 [main] DEBUG nextflow.script.ScriptRunner - > Awaiting termination 
Jan-18 21:40:14.309 [main] DEBUG nextflow.Session - Session await
Jan-18 21:40:14.788 [Task submitter] DEBUG n.executor.local.LocalTaskHandler - Launch cmd line: /bin/bash -ue .command.run
Jan-18 21:40:14.792 [Task submitter] INFO  nextflow.Session - [95/567e27] Submitted process > ADMIXTURE:admixture (K=4)
Jan-18 21:40:14.823 [Task submitter] DEBUG n.executor.local.LocalTaskHandler - Launch cmd line: /bin/bash -ue .command.run
Jan-18 21:40:14.827 [Task submitter] INFO  nextflow.Session - [11/91555e] Submitted process > ADMIXTURE:admixture (K=3)
Jan-18 21:40:42.080 [Task monitor] DEBUG n.processor.TaskPollingMonitor - Task completed > TaskHandler[id: 2; name: ADMIXTURE:admixture (K=3); status: COMPLETED; exit: 0; error: -; workDir: /home/iaguilar/Ongoing_projects/origen-VCF2PCP-2/modules/05-admixture/work/11/91555e936e6b3790e10e133b1662e1]
Jan-18 21:40:42.082 [Task monitor] DEBUG nextflow.util.ThreadPoolBuilder - Creating thread pool 'TaskFinalizer' minSize=10; maxSize=12; workQueue=LinkedBlockingQueue[10000]; allowCoreThreadTimeout=false
Jan-18 21:40:42.186 [TaskFinalizer-1] DEBUG nextflow.util.ThreadPoolBuilder - Creating thread pool 'PublishDir' minSize=10; maxSize=12; workQueue=LinkedBlockingQueue[10000]; allowCoreThreadTimeout=false
Jan-18 21:40:51.863 [Task monitor] DEBUG n.processor.TaskPollingMonitor - Task completed > TaskHandler[id: 1; name: ADMIXTURE:admixture (K=4); status: COMPLETED; exit: 0; error: -; workDir: /home/iaguilar/Ongoing_projects/origen-VCF2PCP-2/modules/05-admixture/work/95/567e27abf25a2589d1545d7d2c01ad]
Jan-18 21:40:51.879 [main] DEBUG nextflow.Session - Session await > all processes finished
Jan-18 21:40:51.964 [Task monitor] DEBUG n.processor.TaskPollingMonitor - <<< barrier arrives (monitor: local) - terminating tasks monitor poll loop
Jan-18 21:40:51.965 [main] DEBUG nextflow.Session - Session await > all barriers passed
Jan-18 21:40:51.970 [main] DEBUG nextflow.util.ThreadPoolManager - Thread pool 'TaskFinalizer' shutdown completed (hard=false)
Jan-18 21:40:51.972 [main] DEBUG nextflow.util.ThreadPoolManager - Thread pool 'PublishDir' shutdown completed (hard=false)
Jan-18 21:40:51.982 [main] DEBUG n.trace.WorkflowStatsObserver - Workflow completed > WorkflowStats[succeededCount=2; failedCount=0; ignoredCount=0; cachedCount=0; pendingCount=0; submittedCount=0; runningCount=0; retriesCount=0; abortedCount=0; succeedDuration=1m 4s; failedDuration=0ms; cachedDuration=0ms;loadCpus=0; loadMemory=0; peakRunning=2; peakCpus=2; peakMemory=0; ]
Jan-18 21:40:52.172 [main] DEBUG nextflow.cache.CacheDB - Closing CacheDB done
Jan-18 21:40:52.196 [main] DEBUG nextflow.util.ThreadPoolManager - Thread pool 'FileTransfer' shutdown completed (hard=false)
Jan-18 21:40:52.198 [main] DEBUG nextflow.script.ScriptRunner - > Execution complete -- Goodbye
