Oct-18 16:03:22.637 [main] DEBUG nextflow.cli.Launcher - $> nextflow run testmodule.nf --sample_list test/reference/OriGen_Phase1_1Kg_and_AiGA.tsv
Oct-18 16:03:22.950 [main] DEBUG nextflow.cli.CmdRun - N E X T F L O W  ~  version 24.04.4
Oct-18 16:03:23.020 [main] DEBUG nextflow.plugin.PluginsFacade - Setting up plugin manager > mode=prod; embedded=false; plugins-dir=/home/iaguilar/.nextflow/plugins; core-plugins: nf-amazon@2.5.3,nf-azure@1.6.1,nf-cloudcache@0.4.1,nf-codecommit@0.2.1,nf-console@1.1.3,nf-ga4gh@1.3.0,nf-google@1.13.2-patch1,nf-tower@1.9.1,nf-wave@1.4.2-patch1
Oct-18 16:03:23.051 [main] INFO  o.pf4j.DefaultPluginStatusProvider - Enabled plugins: []
Oct-18 16:03:23.053 [main] INFO  o.pf4j.DefaultPluginStatusProvider - Disabled plugins: []
Oct-18 16:03:23.065 [main] INFO  org.pf4j.DefaultPluginManager - PF4J version 3.12.0 in 'deployment' mode
Oct-18 16:03:23.112 [main] INFO  org.pf4j.AbstractPluginManager - No plugins
Oct-18 16:03:23.268 [main] DEBUG n.secret.LocalSecretsProvider - Secrets store: /home/iaguilar/.nextflow/secrets/store.json
Oct-18 16:03:23.305 [main] DEBUG nextflow.secret.SecretsLoader - Discovered secrets providers: [nextflow.secret.LocalSecretsProvider@22bb5646] - activable => nextflow.secret.LocalSecretsProvider@22bb5646
Oct-18 16:03:23.458 [main] DEBUG nextflow.cli.CmdRun - Applied DSL=2 from script declaration
Oct-18 16:03:23.491 [main] DEBUG nextflow.cli.CmdRun - Launching `testmodule.nf` [sleepy_bohr] DSL2 - revision: b39419b64e
Oct-18 16:03:23.495 [main] DEBUG nextflow.plugin.PluginsFacade - Plugins default=[]
Oct-18 16:03:23.496 [main] DEBUG nextflow.plugin.PluginsFacade - Plugins resolved requirement=[]
Oct-18 16:03:23.607 [main] DEBUG nextflow.Session - Session UUID: e10768dc-df70-42c8-aa36-b9b3243745c0
Oct-18 16:03:23.612 [main] DEBUG nextflow.Session - Run name: sleepy_bohr
Oct-18 16:03:23.613 [main] DEBUG nextflow.Session - Executor pool size: 4
Oct-18 16:03:23.636 [main] DEBUG nextflow.file.FilePorter - File porter settings maxRetries=3; maxTransfers=50; pollTimeout=null
Oct-18 16:03:23.646 [main] DEBUG nextflow.util.ThreadPoolBuilder - Creating thread pool 'FileTransfer' minSize=10; maxSize=12; workQueue=LinkedBlockingQueue[10000]; allowCoreThreadTimeout=false
Oct-18 16:03:23.679 [main] DEBUG nextflow.cli.CmdRun - 
  Version: 24.04.4 build 5917
  Created: 01-08-2024 07:05 UTC (02:05 CDT)
  System: Linux 6.8.0-45-generic
  Runtime: Groovy 4.0.21 on OpenJDK 64-Bit Server VM 11.0.1+13-LTS
  Encoding: UTF-8 (UTF-8)
  Process: 1852001@esmedev [127.0.1.1]
  CPUs: 4 - Mem: 62.7 GB (45 GB) - Swap: 2 GB (2 GB)
Oct-18 16:03:23.731 [main] DEBUG nextflow.Session - Work-dir: /home/iaguilar/Ongoing_projects/origen-VCF2PCP-2/modules/03-b-make-pedind/work [ext2/ext3]
Oct-18 16:03:23.732 [main] DEBUG nextflow.Session - Script base path does not exist or is not a directory: /home/iaguilar/Ongoing_projects/origen-VCF2PCP-2/modules/03-b-make-pedind/bin
Oct-18 16:03:23.760 [main] DEBUG nextflow.executor.ExecutorFactory - Extension executors providers=[]
Oct-18 16:03:23.785 [main] DEBUG nextflow.Session - Observer factory: DefaultObserverFactory
Oct-18 16:03:23.869 [main] DEBUG nextflow.cache.CacheFactory - Using Nextflow cache factory: nextflow.cache.DefaultCacheFactory
Oct-18 16:03:23.898 [main] DEBUG nextflow.util.CustomThreadPool - Creating default thread pool > poolSize: 5; maxThreads: 1000
Oct-18 16:03:24.114 [main] DEBUG nextflow.Session - Session start
Oct-18 16:03:25.364 [main] DEBUG nextflow.script.ScriptRunner - > Launching execution
Oct-18 16:03:26.548 [main] DEBUG nextflow.executor.ExecutorFactory - << taskConfig executor: null
Oct-18 16:03:26.549 [main] DEBUG nextflow.executor.ExecutorFactory - >> processorType: 'local'
Oct-18 16:03:26.569 [main] DEBUG nextflow.executor.Executor - [warm up] executor > local
Oct-18 16:03:26.583 [main] DEBUG n.processor.LocalPollingMonitor - Creating local task monitor for executor 'local' > cpus=4; memory=62.7 GB; capacity=4; pollInterval=100ms; dumpInterval=5m
Oct-18 16:03:26.590 [main] DEBUG n.processor.TaskPollingMonitor - >>> barrier register (monitor: local)
Oct-18 16:03:26.812 [main] DEBUG nextflow.Session - Workflow process names [dsl2]: MAKEPEDIND:makepedind, makepedind
Oct-18 16:03:26.813 [main] DEBUG nextflow.Session - Igniting dataflow network (4)
Oct-18 16:03:26.837 [main] DEBUG nextflow.processor.TaskProcessor - Starting process > MAKEPEDIND:makepedind
Oct-18 16:03:26.840 [main] DEBUG nextflow.script.ScriptRunner - Parsed script files:
  Script_6e7b0383abc343f1: /home/iaguilar/Ongoing_projects/origen-VCF2PCP-2/modules/03-b-make-pedind/testmodule.nf
  Script_3178c001c0a79e08: /home/iaguilar/Ongoing_projects/origen-VCF2PCP-2/modules/03-b-make-pedind/./main.nf
Oct-18 16:03:26.840 [main] DEBUG nextflow.script.ScriptRunner - > Awaiting termination 
Oct-18 16:03:26.840 [main] DEBUG nextflow.Session - Session await
Oct-18 16:03:26.859 [PathVisitor-1] DEBUG nextflow.file.PathVisitor - files for syntax: glob; folder: test/data/; pattern: *.fam; options: [:]
Oct-18 16:03:27.397 [Task submitter] DEBUG n.executor.local.LocalTaskHandler - Launch cmd line: /bin/bash -ue .command.run
Oct-18 16:03:27.407 [Task submitter] INFO  nextflow.Session - [67/c38073] Submitted process > MAKEPEDIND:makepedind (1)
Oct-18 16:03:29.086 [Task monitor] DEBUG n.processor.TaskPollingMonitor - Task completed > TaskHandler[id: 1; name: MAKEPEDIND:makepedind (1); status: COMPLETED; exit: 0; error: -; workDir: /home/iaguilar/Ongoing_projects/origen-VCF2PCP-2/modules/03-b-make-pedind/work/67/c3807322c77cc7a0542109d440610e]
Oct-18 16:03:29.088 [Task monitor] DEBUG nextflow.util.ThreadPoolBuilder - Creating thread pool 'TaskFinalizer' minSize=10; maxSize=12; workQueue=LinkedBlockingQueue[10000]; allowCoreThreadTimeout=false
Oct-18 16:03:29.309 [main] DEBUG nextflow.Session - Session await > all processes finished
Oct-18 16:03:29.385 [Task monitor] DEBUG n.processor.TaskPollingMonitor - <<< barrier arrives (monitor: local) - terminating tasks monitor poll loop
Oct-18 16:03:29.387 [main] DEBUG nextflow.Session - Session await > all barriers passed
Oct-18 16:03:29.405 [main] DEBUG nextflow.util.ThreadPoolManager - Thread pool 'TaskFinalizer' shutdown completed (hard=false)
Oct-18 16:03:29.440 [main] DEBUG n.trace.WorkflowStatsObserver - Workflow completed > WorkflowStats[succeededCount=1; failedCount=0; ignoredCount=0; cachedCount=0; pendingCount=0; submittedCount=0; runningCount=0; retriesCount=0; abortedCount=0; succeedDuration=1.7s; failedDuration=0ms; cachedDuration=0ms;loadCpus=0; loadMemory=0; peakRunning=1; peakCpus=1; peakMemory=0; ]
Oct-18 16:03:29.573 [main] DEBUG nextflow.cache.CacheDB - Closing CacheDB done
Oct-18 16:03:29.616 [main] DEBUG nextflow.util.ThreadPoolManager - Thread pool 'FileTransfer' shutdown completed (hard=false)
Oct-18 16:03:29.620 [main] DEBUG nextflow.script.ScriptRunner - > Execution complete -- Goodbye
