Jan-20 00:36:34.059 [main] DEBUG nextflow.cli.Launcher - $> nextflow run testmodule.nf
Jan-20 00:36:34.477 [main] DEBUG nextflow.cli.CmdRun - N E X T F L O W  ~  version 24.04.4
Jan-20 00:36:34.544 [main] DEBUG nextflow.plugin.PluginsFacade - Setting up plugin manager > mode=prod; embedded=false; plugins-dir=/home/iaguilar/.nextflow/plugins; core-plugins: nf-amazon@2.5.3,nf-azure@1.6.1,nf-cloudcache@0.4.1,nf-codecommit@0.2.1,nf-console@1.1.3,nf-ga4gh@1.3.0,nf-google@1.13.2-patch1,nf-tower@1.9.1,nf-wave@1.4.2-patch1
Jan-20 00:36:34.569 [main] INFO  o.pf4j.DefaultPluginStatusProvider - Enabled plugins: []
Jan-20 00:36:34.571 [main] INFO  o.pf4j.DefaultPluginStatusProvider - Disabled plugins: []
Jan-20 00:36:34.583 [main] INFO  org.pf4j.DefaultPluginManager - PF4J version 3.12.0 in 'deployment' mode
Jan-20 00:36:34.632 [main] INFO  org.pf4j.AbstractPluginManager - No plugins
Jan-20 00:36:34.998 [main] DEBUG nextflow.cli.CmdRun - Applied DSL=2 from script declaration
Jan-20 00:36:35.035 [main] DEBUG nextflow.cli.CmdRun - Launching `testmodule.nf` [naughty_hugle] DSL2 - revision: d10ab0112b
Jan-20 00:36:35.040 [main] DEBUG nextflow.plugin.PluginsFacade - Plugins default=[]
Jan-20 00:36:35.041 [main] DEBUG nextflow.plugin.PluginsFacade - Plugins resolved requirement=[]
Jan-20 00:36:35.182 [main] DEBUG nextflow.Session - Session UUID: a67e1f50-e6a3-4c1c-bb4c-4b1771e1b58e
Jan-20 00:36:35.183 [main] DEBUG nextflow.Session - Run name: naughty_hugle
Jan-20 00:36:35.183 [main] DEBUG nextflow.Session - Executor pool size: 4
Jan-20 00:36:35.205 [main] DEBUG nextflow.file.FilePorter - File porter settings maxRetries=3; maxTransfers=50; pollTimeout=null
Jan-20 00:36:35.220 [main] DEBUG nextflow.util.ThreadPoolBuilder - Creating thread pool 'FileTransfer' minSize=10; maxSize=12; workQueue=LinkedBlockingQueue[10000]; allowCoreThreadTimeout=false
Jan-20 00:36:35.256 [main] DEBUG nextflow.cli.CmdRun - 
  Version: 24.04.4 build 5917
  Created: 01-08-2024 07:05 UTC (02:05 CDT)
  System: Linux 6.8.0-49-generic
  Runtime: Groovy 4.0.21 on OpenJDK 64-Bit Server VM 11.0.1+13-LTS
  Encoding: UTF-8 (UTF-8)
  Process: 1616907@esmedev [127.0.1.1]
  CPUs: 4 - Mem: 62.7 GB (46 GB) - Swap: 2 GB (2 GB)
Jan-20 00:36:35.296 [main] DEBUG nextflow.Session - Work-dir: /home/iaguilar/Ongoing_projects/origen-VCF2PCP-2/modules/05.5-paste-projected-admx/work [ext2/ext3]
Jan-20 00:36:35.297 [main] DEBUG nextflow.Session - Script base path does not exist or is not a directory: /home/iaguilar/Ongoing_projects/origen-VCF2PCP-2/modules/05.5-paste-projected-admx/bin
Jan-20 00:36:35.323 [main] DEBUG nextflow.executor.ExecutorFactory - Extension executors providers=[]
Jan-20 00:36:35.350 [main] DEBUG nextflow.Session - Observer factory: DefaultObserverFactory
Jan-20 00:36:35.426 [main] DEBUG nextflow.cache.CacheFactory - Using Nextflow cache factory: nextflow.cache.DefaultCacheFactory
Jan-20 00:36:35.463 [main] DEBUG nextflow.util.CustomThreadPool - Creating default thread pool > poolSize: 5; maxThreads: 1000
Jan-20 00:36:35.681 [main] DEBUG nextflow.Session - Session start
Jan-20 00:36:37.700 [main] DEBUG nextflow.script.ScriptRunner - > Launching execution
Jan-20 00:36:37.779 [main] DEBUG n.secret.LocalSecretsProvider - Secrets store: /home/iaguilar/.nextflow/secrets/store.json
Jan-20 00:36:37.848 [main] DEBUG nextflow.secret.SecretsLoader - Discovered secrets providers: [nextflow.secret.LocalSecretsProvider@2f20f7ad] - activable => nextflow.secret.LocalSecretsProvider@2f20f7ad
Jan-20 00:36:39.074 [main] DEBUG nextflow.executor.ExecutorFactory - << taskConfig executor: null
Jan-20 00:36:39.075 [main] DEBUG nextflow.executor.ExecutorFactory - >> processorType: 'local'
Jan-20 00:36:39.091 [main] DEBUG nextflow.executor.Executor - [warm up] executor > local
Jan-20 00:36:39.113 [main] DEBUG n.processor.LocalPollingMonitor - Creating local task monitor for executor 'local' > cpus=4; memory=62.7 GB; capacity=4; pollInterval=100ms; dumpInterval=5m
Jan-20 00:36:39.129 [main] DEBUG n.processor.TaskPollingMonitor - >>> barrier register (monitor: local)
Jan-20 00:36:39.437 [main] DEBUG nextflow.Session - Workflow process names [dsl2]: paste_admx, PASTE_ADMX:paste_admx
Jan-20 00:36:39.439 [main] DEBUG nextflow.Session - Igniting dataflow network (4)
Jan-20 00:36:39.469 [main] DEBUG nextflow.processor.TaskProcessor - Starting process > PASTE_ADMX:paste_admx
Jan-20 00:36:39.476 [main] DEBUG nextflow.script.ScriptRunner - Parsed script files:
  Script_50d61943e7e8f60a: /home/iaguilar/Ongoing_projects/origen-VCF2PCP-2/modules/05.5-paste-projected-admx/./main.nf
  Script_80fb4cdd78b3b37f: /home/iaguilar/Ongoing_projects/origen-VCF2PCP-2/modules/05.5-paste-projected-admx/testmodule.nf
Jan-20 00:36:39.476 [main] DEBUG nextflow.script.ScriptRunner - > Awaiting termination 
Jan-20 00:36:39.476 [main] DEBUG nextflow.Session - Session await
Jan-20 00:36:39.490 [PathVisitor-1] DEBUG nextflow.file.PathVisitor - files for syntax: glob; folder: test/data/; pattern: *; options: [:]
Jan-20 00:36:40.464 [Task submitter] DEBUG n.executor.local.LocalTaskHandler - Launch cmd line: /bin/bash -ue .command.run
Jan-20 00:36:40.473 [Task submitter] INFO  nextflow.Session - [b9/857590] Submitted process > PASTE_ADMX:paste_admx (1)
Jan-20 00:36:42.496 [Task monitor] DEBUG n.processor.TaskPollingMonitor - Task completed > TaskHandler[id: 1; name: PASTE_ADMX:paste_admx (1); status: COMPLETED; exit: 0; error: -; workDir: /home/iaguilar/Ongoing_projects/origen-VCF2PCP-2/modules/05.5-paste-projected-admx/work/b9/857590b93ac8474d2682ca70ab43ee]
Jan-20 00:36:42.508 [Task monitor] DEBUG nextflow.util.ThreadPoolBuilder - Creating thread pool 'TaskFinalizer' minSize=10; maxSize=12; workQueue=LinkedBlockingQueue[10000]; allowCoreThreadTimeout=false
Jan-20 00:36:42.713 [TaskFinalizer-1] DEBUG nextflow.util.ThreadPoolBuilder - Creating thread pool 'PublishDir' minSize=10; maxSize=12; workQueue=LinkedBlockingQueue[10000]; allowCoreThreadTimeout=false
Jan-20 00:36:42.790 [main] DEBUG nextflow.Session - Session await > all processes finished
Jan-20 00:36:42.888 [Task monitor] DEBUG n.processor.TaskPollingMonitor - <<< barrier arrives (monitor: local) - terminating tasks monitor poll loop
Jan-20 00:36:42.892 [main] DEBUG nextflow.Session - Session await > all barriers passed
Jan-20 00:36:42.921 [main] DEBUG nextflow.util.ThreadPoolManager - Thread pool 'TaskFinalizer' shutdown completed (hard=false)
Jan-20 00:36:42.929 [main] DEBUG nextflow.util.ThreadPoolManager - Thread pool 'PublishDir' shutdown completed (hard=false)
Jan-20 00:36:42.958 [main] DEBUG n.trace.WorkflowStatsObserver - Workflow completed > WorkflowStats[succeededCount=1; failedCount=0; ignoredCount=0; cachedCount=0; pendingCount=0; submittedCount=0; runningCount=0; retriesCount=0; abortedCount=0; succeedDuration=2s; failedDuration=0ms; cachedDuration=0ms;loadCpus=0; loadMemory=0; peakRunning=1; peakCpus=1; peakMemory=0; ]
Jan-20 00:36:43.162 [main] DEBUG nextflow.cache.CacheDB - Closing CacheDB done
Jan-20 00:36:43.224 [main] DEBUG nextflow.util.ThreadPoolManager - Thread pool 'FileTransfer' shutdown completed (hard=false)
Jan-20 00:36:43.227 [main] DEBUG nextflow.script.ScriptRunner - > Execution complete -- Goodbye
