Jan-20 01:59:45.787 [main] DEBUG nextflow.cli.Launcher - $> nextflow run testmodule.nf
Jan-20 01:59:45.979 [main] DEBUG nextflow.cli.CmdRun - N E X T F L O W  ~  version 24.04.4
Jan-20 01:59:46.022 [main] DEBUG nextflow.plugin.PluginsFacade - Setting up plugin manager > mode=prod; embedded=false; plugins-dir=/home/iaguilar/.nextflow/plugins; core-plugins: nf-amazon@2.5.3,nf-azure@1.6.1,nf-cloudcache@0.4.1,nf-codecommit@0.2.1,nf-console@1.1.3,nf-ga4gh@1.3.0,nf-google@1.13.2-patch1,nf-tower@1.9.1,nf-wave@1.4.2-patch1
Jan-20 01:59:46.043 [main] INFO  o.pf4j.DefaultPluginStatusProvider - Enabled plugins: []
Jan-20 01:59:46.045 [main] INFO  o.pf4j.DefaultPluginStatusProvider - Disabled plugins: []
Jan-20 01:59:46.053 [main] INFO  org.pf4j.DefaultPluginManager - PF4J version 3.12.0 in 'deployment' mode
Jan-20 01:59:46.077 [main] INFO  org.pf4j.AbstractPluginManager - No plugins
Jan-20 01:59:46.256 [main] DEBUG nextflow.cli.CmdRun - Applied DSL=2 from script declaration
Jan-20 01:59:46.290 [main] DEBUG nextflow.cli.CmdRun - Launching `testmodule.nf` [agitated_gates] DSL2 - revision: d4fa1267d0
Jan-20 01:59:46.294 [main] DEBUG nextflow.plugin.PluginsFacade - Plugins default=[]
Jan-20 01:59:46.295 [main] DEBUG nextflow.plugin.PluginsFacade - Plugins resolved requirement=[]
Jan-20 01:59:46.450 [main] DEBUG nextflow.Session - Session UUID: 86ef1e28-d089-42f3-b3cf-7124973b484f
Jan-20 01:59:46.452 [main] DEBUG nextflow.Session - Run name: agitated_gates
Jan-20 01:59:46.454 [main] DEBUG nextflow.Session - Executor pool size: 4
Jan-20 01:59:46.475 [main] DEBUG nextflow.file.FilePorter - File porter settings maxRetries=3; maxTransfers=50; pollTimeout=null
Jan-20 01:59:46.493 [main] DEBUG nextflow.util.ThreadPoolBuilder - Creating thread pool 'FileTransfer' minSize=10; maxSize=12; workQueue=LinkedBlockingQueue[10000]; allowCoreThreadTimeout=false
Jan-20 01:59:46.545 [main] DEBUG nextflow.cli.CmdRun - 
  Version: 24.04.4 build 5917
  Created: 01-08-2024 07:05 UTC (02:05 CDT)
  System: Linux 6.8.0-49-generic
  Runtime: Groovy 4.0.21 on OpenJDK 64-Bit Server VM 11.0.1+13-LTS
  Encoding: UTF-8 (UTF-8)
  Process: 1718118@esmedev [127.0.1.1]
  CPUs: 4 - Mem: 62.7 GB (46 GB) - Swap: 2 GB (2 GB)
Jan-20 01:59:46.583 [main] DEBUG nextflow.Session - Work-dir: /home/iaguilar/Ongoing_projects/origen-VCF2PCP-2/modules/05.5-b-rename-popinfo/work [ext2/ext3]
Jan-20 01:59:46.584 [main] DEBUG nextflow.Session - Script base path does not exist or is not a directory: /home/iaguilar/Ongoing_projects/origen-VCF2PCP-2/modules/05.5-b-rename-popinfo/bin
Jan-20 01:59:46.610 [main] DEBUG nextflow.executor.ExecutorFactory - Extension executors providers=[]
Jan-20 01:59:46.629 [main] DEBUG nextflow.Session - Observer factory: DefaultObserverFactory
Jan-20 01:59:46.688 [main] DEBUG nextflow.cache.CacheFactory - Using Nextflow cache factory: nextflow.cache.DefaultCacheFactory
Jan-20 01:59:46.709 [main] DEBUG nextflow.util.CustomThreadPool - Creating default thread pool > poolSize: 5; maxThreads: 1000
Jan-20 01:59:46.859 [main] DEBUG nextflow.Session - Session start
Jan-20 01:59:47.891 [main] DEBUG nextflow.script.ScriptRunner - > Launching execution
Jan-20 01:59:47.920 [main] DEBUG n.secret.LocalSecretsProvider - Secrets store: /home/iaguilar/.nextflow/secrets/store.json
Jan-20 01:59:47.938 [main] DEBUG nextflow.secret.SecretsLoader - Discovered secrets providers: [nextflow.secret.LocalSecretsProvider@1980a3f] - activable => nextflow.secret.LocalSecretsProvider@1980a3f
Jan-20 01:59:48.910 [main] DEBUG nextflow.executor.ExecutorFactory - << taskConfig executor: null
Jan-20 01:59:48.911 [main] DEBUG nextflow.executor.ExecutorFactory - >> processorType: 'local'
Jan-20 01:59:48.921 [main] DEBUG nextflow.executor.Executor - [warm up] executor > local
Jan-20 01:59:48.929 [main] DEBUG n.processor.LocalPollingMonitor - Creating local task monitor for executor 'local' > cpus=4; memory=62.7 GB; capacity=4; pollInterval=100ms; dumpInterval=5m
Jan-20 01:59:48.933 [main] DEBUG n.processor.TaskPollingMonitor - >>> barrier register (monitor: local)
Jan-20 01:59:49.081 [main] DEBUG nextflow.Session - Workflow process names [dsl2]: rename_popinfo, RENAME_POPINFO:rename_popinfo
Jan-20 01:59:49.082 [main] DEBUG nextflow.Session - Igniting dataflow network (2)
Jan-20 01:59:49.093 [main] DEBUG nextflow.processor.TaskProcessor - Starting process > RENAME_POPINFO:rename_popinfo
Jan-20 01:59:49.097 [main] DEBUG nextflow.script.ScriptRunner - Parsed script files:
  Script_dce9d67cf524d08d: /home/iaguilar/Ongoing_projects/origen-VCF2PCP-2/modules/05.5-b-rename-popinfo/testmodule.nf
  Script_3b8305365f91d18c: /home/iaguilar/Ongoing_projects/origen-VCF2PCP-2/modules/05.5-b-rename-popinfo/./main.nf
Jan-20 01:59:49.097 [main] DEBUG nextflow.script.ScriptRunner - > Awaiting termination 
Jan-20 01:59:49.097 [main] DEBUG nextflow.Session - Session await
Jan-20 01:59:49.105 [PathVisitor-1] DEBUG nextflow.file.PathVisitor - files for syntax: glob; folder: test/data/; pattern: *; options: [:]
Jan-20 01:59:49.485 [Task submitter] DEBUG n.executor.local.LocalTaskHandler - Launch cmd line: /bin/bash -ue .command.run
Jan-20 01:59:49.489 [Task submitter] INFO  nextflow.Session - [98/f9552f] Submitted process > RENAME_POPINFO:rename_popinfo
Jan-20 01:59:49.538 [Task monitor] DEBUG n.processor.TaskPollingMonitor - Task completed > TaskHandler[id: 1; name: RENAME_POPINFO:rename_popinfo; status: COMPLETED; exit: 0; error: -; workDir: /home/iaguilar/Ongoing_projects/origen-VCF2PCP-2/modules/05.5-b-rename-popinfo/work/98/f9552f76a5a57776af7d380d467b6b]
Jan-20 01:59:49.540 [Task monitor] DEBUG nextflow.util.ThreadPoolBuilder - Creating thread pool 'TaskFinalizer' minSize=10; maxSize=12; workQueue=LinkedBlockingQueue[10000]; allowCoreThreadTimeout=false
Jan-20 01:59:49.647 [main] DEBUG nextflow.Session - Session await > all processes finished
Jan-20 01:59:49.715 [Task monitor] DEBUG n.processor.TaskPollingMonitor - <<< barrier arrives (monitor: local) - terminating tasks monitor poll loop
Jan-20 01:59:49.715 [main] DEBUG nextflow.Session - Session await > all barriers passed
Jan-20 01:59:49.721 [main] DEBUG nextflow.util.ThreadPoolManager - Thread pool 'TaskFinalizer' shutdown completed (hard=false)
Jan-20 01:59:49.734 [main] DEBUG n.trace.WorkflowStatsObserver - Workflow completed > WorkflowStats[succeededCount=1; failedCount=0; ignoredCount=0; cachedCount=0; pendingCount=0; submittedCount=0; runningCount=0; retriesCount=0; abortedCount=0; succeedDuration=12ms; failedDuration=0ms; cachedDuration=0ms;loadCpus=0; loadMemory=0; peakRunning=1; peakCpus=1; peakMemory=0; ]
Jan-20 01:59:49.948 [main] DEBUG nextflow.cache.CacheDB - Closing CacheDB done
Jan-20 01:59:49.973 [main] DEBUG nextflow.util.ThreadPoolManager - Thread pool 'FileTransfer' shutdown completed (hard=false)
Jan-20 01:59:49.975 [main] DEBUG nextflow.script.ScriptRunner - > Execution complete -- Goodbye
