Oct-18 16:28:43.561 [main] DEBUG nextflow.cli.Launcher - $> nextflow run testmodule.nf --pca_refpops test/reference/refpops-for-projection.txt
Oct-18 16:28:43.786 [main] DEBUG nextflow.cli.CmdRun - N E X T F L O W  ~  version 24.04.4
Oct-18 16:28:43.835 [main] DEBUG nextflow.plugin.PluginsFacade - Setting up plugin manager > mode=prod; embedded=false; plugins-dir=/home/iaguilar/.nextflow/plugins; core-plugins: nf-amazon@2.5.3,nf-azure@1.6.1,nf-cloudcache@0.4.1,nf-codecommit@0.2.1,nf-console@1.1.3,nf-ga4gh@1.3.0,nf-google@1.13.2-patch1,nf-tower@1.9.1,nf-wave@1.4.2-patch1
Oct-18 16:28:43.859 [main] INFO  o.pf4j.DefaultPluginStatusProvider - Enabled plugins: []
Oct-18 16:28:43.862 [main] INFO  o.pf4j.DefaultPluginStatusProvider - Disabled plugins: []
Oct-18 16:28:43.873 [main] INFO  org.pf4j.DefaultPluginManager - PF4J version 3.12.0 in 'deployment' mode
Oct-18 16:28:43.926 [main] INFO  org.pf4j.AbstractPluginManager - No plugins
Oct-18 16:28:44.037 [main] DEBUG n.secret.LocalSecretsProvider - Secrets store: /home/iaguilar/.nextflow/secrets/store.json
Oct-18 16:28:44.059 [main] DEBUG nextflow.secret.SecretsLoader - Discovered secrets providers: [nextflow.secret.LocalSecretsProvider@22bb5646] - activable => nextflow.secret.LocalSecretsProvider@22bb5646
Oct-18 16:28:44.178 [main] DEBUG nextflow.cli.CmdRun - Applied DSL=2 from script declaration
Oct-18 16:28:44.216 [main] DEBUG nextflow.cli.CmdRun - Launching `testmodule.nf` [serene_kimura] DSL2 - revision: 8b71d5d389
Oct-18 16:28:44.221 [main] DEBUG nextflow.plugin.PluginsFacade - Plugins default=[]
Oct-18 16:28:44.222 [main] DEBUG nextflow.plugin.PluginsFacade - Plugins resolved requirement=[]
Oct-18 16:28:44.412 [main] DEBUG nextflow.Session - Session UUID: 53517c9e-61ce-4d67-acca-1cefdee029d0
Oct-18 16:28:44.416 [main] DEBUG nextflow.Session - Run name: serene_kimura
Oct-18 16:28:44.419 [main] DEBUG nextflow.Session - Executor pool size: 4
Oct-18 16:28:44.441 [main] DEBUG nextflow.file.FilePorter - File porter settings maxRetries=3; maxTransfers=50; pollTimeout=null
Oct-18 16:28:44.454 [main] DEBUG nextflow.util.ThreadPoolBuilder - Creating thread pool 'FileTransfer' minSize=10; maxSize=12; workQueue=LinkedBlockingQueue[10000]; allowCoreThreadTimeout=false
Oct-18 16:28:44.488 [main] DEBUG nextflow.cli.CmdRun - 
  Version: 24.04.4 build 5917
  Created: 01-08-2024 07:05 UTC (02:05 CDT)
  System: Linux 6.8.0-45-generic
  Runtime: Groovy 4.0.21 on OpenJDK 64-Bit Server VM 11.0.1+13-LTS
  Encoding: UTF-8 (UTF-8)
  Process: 1883524@esmedev [127.0.1.1]
  CPUs: 4 - Mem: 62.7 GB (44 GB) - Swap: 2 GB (2 GB)
Oct-18 16:28:44.526 [main] DEBUG nextflow.Session - Work-dir: /home/iaguilar/Ongoing_projects/origen-VCF2PCP-2/modules/04v2-runpca-projected/work [ext2/ext3]
Oct-18 16:28:44.527 [main] DEBUG nextflow.Session - Script base path does not exist or is not a directory: /home/iaguilar/Ongoing_projects/origen-VCF2PCP-2/modules/04v2-runpca-projected/bin
Oct-18 16:28:44.544 [main] DEBUG nextflow.executor.ExecutorFactory - Extension executors providers=[]
Oct-18 16:28:44.564 [main] DEBUG nextflow.Session - Observer factory: DefaultObserverFactory
Oct-18 16:28:44.634 [main] DEBUG nextflow.cache.CacheFactory - Using Nextflow cache factory: nextflow.cache.DefaultCacheFactory
Oct-18 16:28:44.656 [main] DEBUG nextflow.util.CustomThreadPool - Creating default thread pool > poolSize: 5; maxThreads: 1000
Oct-18 16:28:44.803 [main] DEBUG nextflow.Session - Session start
Oct-18 16:28:45.845 [main] DEBUG nextflow.script.ScriptRunner - > Launching execution
Oct-18 16:28:46.846 [main] DEBUG nextflow.executor.ExecutorFactory - << taskConfig executor: null
Oct-18 16:28:46.848 [main] DEBUG nextflow.executor.ExecutorFactory - >> processorType: 'local'
Oct-18 16:28:46.862 [main] DEBUG nextflow.executor.Executor - [warm up] executor > local
Oct-18 16:28:46.875 [main] DEBUG n.processor.LocalPollingMonitor - Creating local task monitor for executor 'local' > cpus=4; memory=62.7 GB; capacity=4; pollInterval=100ms; dumpInterval=5m
Oct-18 16:28:46.882 [main] DEBUG n.processor.TaskPollingMonitor - >>> barrier register (monitor: local)
Oct-18 16:28:47.086 [main] DEBUG nextflow.Session - Workflow process names [dsl2]: SMARTPCA:smartpca, smartpca
Oct-18 16:28:47.087 [main] DEBUG nextflow.Session - Igniting dataflow network (3)
Oct-18 16:28:47.099 [main] DEBUG nextflow.processor.TaskProcessor - Starting process > SMARTPCA:smartpca
Oct-18 16:28:47.103 [main] DEBUG nextflow.script.ScriptRunner - Parsed script files:
  Script_dde652f3826c72b0: /home/iaguilar/Ongoing_projects/origen-VCF2PCP-2/modules/04v2-runpca-projected/testmodule.nf
  Script_16269f9d8ed8adee: /home/iaguilar/Ongoing_projects/origen-VCF2PCP-2/modules/04v2-runpca-projected/./main.nf
Oct-18 16:28:47.105 [main] DEBUG nextflow.script.ScriptRunner - > Awaiting termination 
Oct-18 16:28:47.106 [main] DEBUG nextflow.Session - Session await
Oct-18 16:28:47.113 [PathVisitor-1] DEBUG nextflow.file.PathVisitor - files for syntax: glob; folder: test/data/; pattern: allwgs.*; options: [:]
Oct-18 16:28:47.553 [Task submitter] DEBUG n.executor.local.LocalTaskHandler - Launch cmd line: /bin/bash -ue .command.run
Oct-18 16:28:47.557 [Task submitter] INFO  nextflow.Session - [3e/93b109] Submitted process > SMARTPCA:smartpca (1)
Oct-18 16:29:32.744 [Task monitor] DEBUG n.processor.TaskPollingMonitor - Task completed > TaskHandler[id: 1; name: SMARTPCA:smartpca (1); status: COMPLETED; exit: 0; error: -; workDir: /home/iaguilar/Ongoing_projects/origen-VCF2PCP-2/modules/04v2-runpca-projected/work/3e/93b10901af9829892fcc9638200fa2]
Oct-18 16:29:32.746 [Task monitor] DEBUG nextflow.util.ThreadPoolBuilder - Creating thread pool 'TaskFinalizer' minSize=10; maxSize=12; workQueue=LinkedBlockingQueue[10000]; allowCoreThreadTimeout=false
Oct-18 16:29:32.835 [TaskFinalizer-1] DEBUG nextflow.util.ThreadPoolBuilder - Creating thread pool 'PublishDir' minSize=10; maxSize=12; workQueue=LinkedBlockingQueue[10000]; allowCoreThreadTimeout=false
Oct-18 16:29:32.849 [main] DEBUG nextflow.Session - Session await > all processes finished
Oct-18 16:29:32.939 [Task monitor] DEBUG n.processor.TaskPollingMonitor - <<< barrier arrives (monitor: local) - terminating tasks monitor poll loop
Oct-18 16:29:32.940 [main] DEBUG nextflow.Session - Session await > all barriers passed
Oct-18 16:29:32.957 [main] DEBUG nextflow.util.ThreadPoolManager - Thread pool 'TaskFinalizer' shutdown completed (hard=false)
Oct-18 16:29:32.967 [main] DEBUG nextflow.util.ThreadPoolManager - Thread pool 'PublishDir' shutdown completed (hard=false)
Oct-18 16:29:33.002 [main] DEBUG n.trace.WorkflowStatsObserver - Workflow completed > WorkflowStats[succeededCount=1; failedCount=0; ignoredCount=0; cachedCount=0; pendingCount=0; submittedCount=0; runningCount=0; retriesCount=0; abortedCount=0; succeedDuration=45.1s; failedDuration=0ms; cachedDuration=0ms;loadCpus=0; loadMemory=0; peakRunning=1; peakCpus=1; peakMemory=0; ]
Oct-18 16:29:33.250 [main] DEBUG nextflow.cache.CacheDB - Closing CacheDB done
Oct-18 16:29:33.279 [main] DEBUG nextflow.util.ThreadPoolManager - Thread pool 'FileTransfer' shutdown completed (hard=false)
Oct-18 16:29:33.284 [main] DEBUG nextflow.script.ScriptRunner - > Execution complete -- Goodbye
