Oct-18 16:06:31.132 [main] DEBUG nextflow.cli.Launcher - $> nextflow run testmodule.nf
Oct-18 16:06:31.331 [main] DEBUG nextflow.cli.CmdRun - N E X T F L O W  ~  version 24.04.4
Oct-18 16:06:31.411 [main] DEBUG nextflow.plugin.PluginsFacade - Setting up plugin manager > mode=prod; embedded=false; plugins-dir=/home/iaguilar/.nextflow/plugins; core-plugins: nf-amazon@2.5.3,nf-azure@1.6.1,nf-cloudcache@0.4.1,nf-codecommit@0.2.1,nf-console@1.1.3,nf-ga4gh@1.3.0,nf-google@1.13.2-patch1,nf-tower@1.9.1,nf-wave@1.4.2-patch1
Oct-18 16:06:31.444 [main] INFO  o.pf4j.DefaultPluginStatusProvider - Enabled plugins: []
Oct-18 16:06:31.447 [main] INFO  o.pf4j.DefaultPluginStatusProvider - Disabled plugins: []
Oct-18 16:06:31.458 [main] INFO  org.pf4j.DefaultPluginManager - PF4J version 3.12.0 in 'deployment' mode
Oct-18 16:06:31.486 [main] INFO  org.pf4j.AbstractPluginManager - No plugins
Oct-18 16:06:31.660 [main] DEBUG nextflow.cli.CmdRun - Applied DSL=2 from script declaration
Oct-18 16:06:31.697 [main] DEBUG nextflow.cli.CmdRun - Launching `testmodule.nf` [astonishing_wing] DSL2 - revision: 50b12b87f7
Oct-18 16:06:31.699 [main] DEBUG nextflow.plugin.PluginsFacade - Plugins default=[]
Oct-18 16:06:31.700 [main] DEBUG nextflow.plugin.PluginsFacade - Plugins resolved requirement=[]
Oct-18 16:06:31.839 [main] DEBUG nextflow.Session - Session UUID: 37b04213-f274-4d44-9580-b7c567b8e50d
Oct-18 16:06:31.840 [main] DEBUG nextflow.Session - Run name: astonishing_wing
Oct-18 16:06:31.841 [main] DEBUG nextflow.Session - Executor pool size: 4
Oct-18 16:06:31.861 [main] DEBUG nextflow.file.FilePorter - File porter settings maxRetries=3; maxTransfers=50; pollTimeout=null
Oct-18 16:06:31.886 [main] DEBUG nextflow.util.ThreadPoolBuilder - Creating thread pool 'FileTransfer' minSize=10; maxSize=12; workQueue=LinkedBlockingQueue[10000]; allowCoreThreadTimeout=false
Oct-18 16:06:31.926 [main] DEBUG nextflow.cli.CmdRun - 
  Version: 24.04.4 build 5917
  Created: 01-08-2024 07:05 UTC (02:05 CDT)
  System: Linux 6.8.0-45-generic
  Runtime: Groovy 4.0.21 on OpenJDK 64-Bit Server VM 11.0.1+13-LTS
  Encoding: UTF-8 (UTF-8)
  Process: 1855751@esmedev [127.0.1.1]
  CPUs: 4 - Mem: 62.7 GB (45.2 GB) - Swap: 2 GB (2 GB)
Oct-18 16:06:31.979 [main] DEBUG nextflow.Session - Work-dir: /home/iaguilar/Ongoing_projects/origen-VCF2PCP-2/modules/04-runpca/work [ext2/ext3]
Oct-18 16:06:31.980 [main] DEBUG nextflow.Session - Script base path does not exist or is not a directory: /home/iaguilar/Ongoing_projects/origen-VCF2PCP-2/modules/04-runpca/bin
Oct-18 16:06:32.013 [main] DEBUG nextflow.executor.ExecutorFactory - Extension executors providers=[]
Oct-18 16:06:32.037 [main] DEBUG nextflow.Session - Observer factory: DefaultObserverFactory
Oct-18 16:06:32.126 [main] DEBUG nextflow.cache.CacheFactory - Using Nextflow cache factory: nextflow.cache.DefaultCacheFactory
Oct-18 16:06:32.185 [main] DEBUG nextflow.util.CustomThreadPool - Creating default thread pool > poolSize: 5; maxThreads: 1000
Oct-18 16:06:32.299 [main] DEBUG nextflow.Session - Session start
Oct-18 16:06:33.514 [main] DEBUG nextflow.script.ScriptRunner - > Launching execution
Oct-18 16:06:33.547 [main] DEBUG n.secret.LocalSecretsProvider - Secrets store: /home/iaguilar/.nextflow/secrets/store.json
Oct-18 16:06:33.563 [main] DEBUG nextflow.secret.SecretsLoader - Discovered secrets providers: [nextflow.secret.LocalSecretsProvider@78307a56] - activable => nextflow.secret.LocalSecretsProvider@78307a56
Oct-18 16:06:34.808 [main] DEBUG nextflow.executor.ExecutorFactory - << taskConfig executor: null
Oct-18 16:06:34.809 [main] DEBUG nextflow.executor.ExecutorFactory - >> processorType: 'local'
Oct-18 16:06:34.823 [main] DEBUG nextflow.executor.Executor - [warm up] executor > local
Oct-18 16:06:34.837 [main] DEBUG n.processor.LocalPollingMonitor - Creating local task monitor for executor 'local' > cpus=4; memory=62.7 GB; capacity=4; pollInterval=100ms; dumpInterval=5m
Oct-18 16:06:34.843 [main] DEBUG n.processor.TaskPollingMonitor - >>> barrier register (monitor: local)
Oct-18 16:06:35.025 [main] DEBUG nextflow.Session - Workflow process names [dsl2]: SMARTPCA:smartpca, smartpca
Oct-18 16:06:35.026 [main] DEBUG nextflow.Session - Igniting dataflow network (2)
Oct-18 16:06:35.041 [main] DEBUG nextflow.processor.TaskProcessor - Starting process > SMARTPCA:smartpca
Oct-18 16:06:35.047 [main] DEBUG nextflow.script.ScriptRunner - Parsed script files:
  Script_970f271999ec8c36: /home/iaguilar/Ongoing_projects/origen-VCF2PCP-2/modules/04-runpca/./main.nf
  Script_8b78656bbdc0823d: /home/iaguilar/Ongoing_projects/origen-VCF2PCP-2/modules/04-runpca/testmodule.nf
Oct-18 16:06:35.047 [main] DEBUG nextflow.script.ScriptRunner - > Awaiting termination 
Oct-18 16:06:35.047 [main] DEBUG nextflow.Session - Session await
Oct-18 16:06:35.047 [PathVisitor-1] DEBUG nextflow.file.PathVisitor - files for syntax: glob; folder: test/data/; pattern: allwgs.*; options: [:]
Oct-18 16:06:35.601 [Task submitter] DEBUG n.executor.local.LocalTaskHandler - Launch cmd line: /bin/bash -ue .command.run
Oct-18 16:06:35.606 [Task submitter] INFO  nextflow.Session - [3b/897804] Submitted process > SMARTPCA:smartpca
Oct-18 16:09:04.462 [Task monitor] DEBUG n.processor.TaskPollingMonitor - Task completed > TaskHandler[id: 1; name: SMARTPCA:smartpca; status: COMPLETED; exit: 0; error: -; workDir: /home/iaguilar/Ongoing_projects/origen-VCF2PCP-2/modules/04-runpca/work/3b/89780417403335e09a690b6c23c60b]
Oct-18 16:09:04.465 [Task monitor] DEBUG nextflow.util.ThreadPoolBuilder - Creating thread pool 'TaskFinalizer' minSize=10; maxSize=12; workQueue=LinkedBlockingQueue[10000]; allowCoreThreadTimeout=false
Oct-18 16:09:04.574 [TaskFinalizer-1] DEBUG nextflow.util.ThreadPoolBuilder - Creating thread pool 'PublishDir' minSize=10; maxSize=12; workQueue=LinkedBlockingQueue[10000]; allowCoreThreadTimeout=false
Oct-18 16:09:04.599 [main] DEBUG nextflow.Session - Session await > all processes finished
Oct-18 16:09:04.656 [Task monitor] DEBUG n.processor.TaskPollingMonitor - <<< barrier arrives (monitor: local) - terminating tasks monitor poll loop
Oct-18 16:09:04.656 [main] DEBUG nextflow.Session - Session await > all barriers passed
Oct-18 16:09:04.666 [main] DEBUG nextflow.util.ThreadPoolManager - Thread pool 'TaskFinalizer' shutdown completed (hard=false)
Oct-18 16:09:04.674 [main] DEBUG nextflow.util.ThreadPoolManager - Thread pool 'PublishDir' shutdown completed (hard=false)
Oct-18 16:09:04.691 [main] DEBUG n.trace.WorkflowStatsObserver - Workflow completed > WorkflowStats[succeededCount=1; failedCount=0; ignoredCount=0; cachedCount=0; pendingCount=0; submittedCount=0; runningCount=0; retriesCount=0; abortedCount=0; succeedDuration=2m 29s; failedDuration=0ms; cachedDuration=0ms;loadCpus=0; loadMemory=0; peakRunning=1; peakCpus=1; peakMemory=0; ]
Oct-18 16:09:04.832 [main] DEBUG nextflow.cache.CacheDB - Closing CacheDB done
Oct-18 16:09:04.871 [main] DEBUG nextflow.util.ThreadPoolManager - Thread pool 'FileTransfer' shutdown completed (hard=false)
Oct-18 16:09:04.872 [main] DEBUG nextflow.script.ScriptRunner - > Execution complete -- Goodbye
