Jan-20 01:20:19.276 [main] DEBUG nextflow.cli.Launcher - $> nextflow run testmodule.nf --seed 100 --admx_threads 1
Jan-20 01:20:19.489 [main] DEBUG nextflow.cli.CmdRun - N E X T F L O W  ~  version 24.04.4
Jan-20 01:20:19.531 [main] DEBUG nextflow.plugin.PluginsFacade - Setting up plugin manager > mode=prod; embedded=false; plugins-dir=/home/iaguilar/.nextflow/plugins; core-plugins: nf-amazon@2.5.3,nf-azure@1.6.1,nf-cloudcache@0.4.1,nf-codecommit@0.2.1,nf-console@1.1.3,nf-ga4gh@1.3.0,nf-google@1.13.2-patch1,nf-tower@1.9.1,nf-wave@1.4.2-patch1
Jan-20 01:20:19.553 [main] INFO  o.pf4j.DefaultPluginStatusProvider - Enabled plugins: []
Jan-20 01:20:19.556 [main] INFO  o.pf4j.DefaultPluginStatusProvider - Disabled plugins: []
Jan-20 01:20:19.566 [main] INFO  org.pf4j.DefaultPluginManager - PF4J version 3.12.0 in 'deployment' mode
Jan-20 01:20:19.608 [main] INFO  org.pf4j.AbstractPluginManager - No plugins
Jan-20 01:20:19.713 [main] DEBUG n.secret.LocalSecretsProvider - Secrets store: /home/iaguilar/.nextflow/secrets/store.json
Jan-20 01:20:19.733 [main] DEBUG nextflow.secret.SecretsLoader - Discovered secrets providers: [nextflow.secret.LocalSecretsProvider@105b693d] - activable => nextflow.secret.LocalSecretsProvider@105b693d
Jan-20 01:20:19.829 [main] DEBUG nextflow.cli.CmdRun - Applied DSL=2 from script declaration
Jan-20 01:20:19.867 [main] DEBUG nextflow.cli.CmdRun - Launching `testmodule.nf` [friendly_jepsen] DSL2 - revision: 7bc7d698b3
Jan-20 01:20:19.872 [main] DEBUG nextflow.plugin.PluginsFacade - Plugins default=[]
Jan-20 01:20:19.873 [main] DEBUG nextflow.plugin.PluginsFacade - Plugins resolved requirement=[]
Jan-20 01:20:20.015 [main] DEBUG nextflow.Session - Session UUID: 72298f8d-0179-455c-bd87-7bdb80995b73
Jan-20 01:20:20.015 [main] DEBUG nextflow.Session - Run name: friendly_jepsen
Jan-20 01:20:20.016 [main] DEBUG nextflow.Session - Executor pool size: 4
Jan-20 01:20:20.034 [main] DEBUG nextflow.file.FilePorter - File porter settings maxRetries=3; maxTransfers=50; pollTimeout=null
Jan-20 01:20:20.051 [main] DEBUG nextflow.util.ThreadPoolBuilder - Creating thread pool 'FileTransfer' minSize=10; maxSize=12; workQueue=LinkedBlockingQueue[10000]; allowCoreThreadTimeout=false
Jan-20 01:20:20.084 [main] DEBUG nextflow.cli.CmdRun - 
  Version: 24.04.4 build 5917
  Created: 01-08-2024 07:05 UTC (02:05 CDT)
  System: Linux 6.8.0-49-generic
  Runtime: Groovy 4.0.21 on OpenJDK 64-Bit Server VM 11.0.1+13-LTS
  Encoding: UTF-8 (UTF-8)
  Process: 1670803@esmedev [127.0.1.1]
  CPUs: 4 - Mem: 62.7 GB (46.1 GB) - Swap: 2 GB (2 GB)
Jan-20 01:20:20.119 [main] DEBUG nextflow.Session - Work-dir: /home/iaguilar/Ongoing_projects/origen-VCF2PCP-2/modules/05v2-admixture-projected/work [ext2/ext3]
Jan-20 01:20:20.120 [main] DEBUG nextflow.Session - Script base path does not exist or is not a directory: /home/iaguilar/Ongoing_projects/origen-VCF2PCP-2/modules/05v2-admixture-projected/bin
Jan-20 01:20:20.139 [main] DEBUG nextflow.executor.ExecutorFactory - Extension executors providers=[]
Jan-20 01:20:20.159 [main] DEBUG nextflow.Session - Observer factory: DefaultObserverFactory
Jan-20 01:20:20.226 [main] DEBUG nextflow.cache.CacheFactory - Using Nextflow cache factory: nextflow.cache.DefaultCacheFactory
Jan-20 01:20:20.247 [main] DEBUG nextflow.util.CustomThreadPool - Creating default thread pool > poolSize: 5; maxThreads: 1000
Jan-20 01:20:20.386 [main] DEBUG nextflow.Session - Session start
Jan-20 01:20:21.463 [main] DEBUG nextflow.script.ScriptRunner - > Launching execution
Jan-20 01:20:22.451 [main] DEBUG nextflow.executor.ExecutorFactory - << taskConfig executor: null
Jan-20 01:20:22.452 [main] DEBUG nextflow.executor.ExecutorFactory - >> processorType: 'local'
Jan-20 01:20:22.461 [main] DEBUG nextflow.executor.Executor - [warm up] executor > local
Jan-20 01:20:22.469 [main] DEBUG n.processor.LocalPollingMonitor - Creating local task monitor for executor 'local' > cpus=4; memory=62.7 GB; capacity=4; pollInterval=100ms; dumpInterval=5m
Jan-20 01:20:22.473 [main] DEBUG n.processor.TaskPollingMonitor - >>> barrier register (monitor: local)
Jan-20 01:20:22.662 [main] DEBUG nextflow.Session - Workflow process names [dsl2]: ADMIXTURE_PROJECTED:admixture_projected, admixture_projected
Jan-20 01:20:22.663 [main] DEBUG nextflow.Session - Igniting dataflow network (3)
Jan-20 01:20:22.676 [main] DEBUG nextflow.processor.TaskProcessor - Starting process > ADMIXTURE_PROJECTED:admixture_projected
Jan-20 01:20:22.680 [main] DEBUG nextflow.script.ScriptRunner - Parsed script files:
  Script_8b8664cf89903ae7: /home/iaguilar/Ongoing_projects/origen-VCF2PCP-2/modules/05v2-admixture-projected/testmodule.nf
  Script_716df661659749c7: /home/iaguilar/Ongoing_projects/origen-VCF2PCP-2/modules/05v2-admixture-projected/./main.nf
Jan-20 01:20:22.681 [main] DEBUG nextflow.script.ScriptRunner - > Awaiting termination 
Jan-20 01:20:22.681 [main] DEBUG nextflow.Session - Session await
Jan-20 01:20:22.689 [PathVisitor-2] DEBUG nextflow.file.PathVisitor - files for syntax: glob; folder: test/reference/; pattern: *.P; options: [:]
Jan-20 01:20:22.690 [PathVisitor-1] DEBUG nextflow.file.PathVisitor - files for syntax: glob; folder: test/data/; pattern: problem_for_admixture.*; options: [:]
Jan-20 01:20:23.131 [Task submitter] DEBUG n.executor.local.LocalTaskHandler - Launch cmd line: /bin/bash -ue .command.run
Jan-20 01:20:23.136 [Task submitter] INFO  nextflow.Session - [56/5440f7] Submitted process > ADMIXTURE_PROJECTED:admixture_projected (2)
Jan-20 01:20:23.216 [Task submitter] DEBUG n.executor.local.LocalTaskHandler - Launch cmd line: /bin/bash -ue .command.run
Jan-20 01:20:23.219 [Task submitter] INFO  nextflow.Session - [2a/a1cd25] Submitted process > ADMIXTURE_PROJECTED:admixture_projected (1)
Jan-20 01:20:23.237 [Task submitter] DEBUG n.executor.local.LocalTaskHandler - Launch cmd line: /bin/bash -ue .command.run
Jan-20 01:20:23.244 [Task submitter] INFO  nextflow.Session - [04/57f2e5] Submitted process > ADMIXTURE_PROJECTED:admixture_projected (3)
Jan-20 01:20:27.834 [Task monitor] DEBUG n.processor.TaskPollingMonitor - Task completed > TaskHandler[id: 2; name: ADMIXTURE_PROJECTED:admixture_projected (2); status: COMPLETED; exit: 0; error: -; workDir: /home/iaguilar/Ongoing_projects/origen-VCF2PCP-2/modules/05v2-admixture-projected/work/56/5440f77204299ea4d05fb050bb774e]
Jan-20 01:20:27.835 [Task monitor] DEBUG nextflow.util.ThreadPoolBuilder - Creating thread pool 'TaskFinalizer' minSize=10; maxSize=12; workQueue=LinkedBlockingQueue[10000]; allowCoreThreadTimeout=false
Jan-20 01:20:27.901 [TaskFinalizer-1] DEBUG nextflow.util.ThreadPoolBuilder - Creating thread pool 'PublishDir' minSize=10; maxSize=12; workQueue=LinkedBlockingQueue[10000]; allowCoreThreadTimeout=false
Jan-20 01:20:29.246 [Task monitor] DEBUG n.processor.TaskPollingMonitor - Task completed > TaskHandler[id: 1; name: ADMIXTURE_PROJECTED:admixture_projected (1); status: COMPLETED; exit: 0; error: -; workDir: /home/iaguilar/Ongoing_projects/origen-VCF2PCP-2/modules/05v2-admixture-projected/work/2a/a1cd25e7cabd683a50d1c4ba944fc8]
Jan-20 01:20:30.502 [Task monitor] DEBUG n.processor.TaskPollingMonitor - Task completed > TaskHandler[id: 3; name: ADMIXTURE_PROJECTED:admixture_projected (3); status: COMPLETED; exit: 0; error: -; workDir: /home/iaguilar/Ongoing_projects/origen-VCF2PCP-2/modules/05v2-admixture-projected/work/04/57f2e5105cbb6efa63c6710a6ceb08]
Jan-20 01:20:30.523 [main] DEBUG nextflow.Session - Session await > all processes finished
Jan-20 01:20:30.603 [Task monitor] DEBUG n.processor.TaskPollingMonitor - <<< barrier arrives (monitor: local) - terminating tasks monitor poll loop
Jan-20 01:20:30.604 [main] DEBUG nextflow.Session - Session await > all barriers passed
Jan-20 01:20:30.610 [main] DEBUG nextflow.util.ThreadPoolManager - Thread pool 'TaskFinalizer' shutdown completed (hard=false)
Jan-20 01:20:30.613 [main] DEBUG nextflow.util.ThreadPoolManager - Thread pool 'PublishDir' shutdown completed (hard=false)
Jan-20 01:20:30.626 [main] DEBUG n.trace.WorkflowStatsObserver - Workflow completed > WorkflowStats[succeededCount=3; failedCount=0; ignoredCount=0; cachedCount=0; pendingCount=0; submittedCount=0; runningCount=0; retriesCount=0; abortedCount=0; succeedDuration=17.7s; failedDuration=0ms; cachedDuration=0ms;loadCpus=0; loadMemory=0; peakRunning=3; peakCpus=3; peakMemory=0; ]
Jan-20 01:20:30.687 [main] DEBUG nextflow.cache.CacheDB - Closing CacheDB done
Jan-20 01:20:30.717 [main] DEBUG nextflow.util.ThreadPoolManager - Thread pool 'FileTransfer' shutdown completed (hard=false)
Jan-20 01:20:30.718 [main] DEBUG nextflow.script.ScriptRunner - > Execution complete -- Goodbye
