Oct-18 16:53:01.979 [main] DEBUG nextflow.cli.Launcher - $> nextflow run testmodule.nf --sample_list test/reference/OriGen_Phase1_1Kg_and_AiGA.tsv --projected true
Oct-18 16:53:02.257 [main] DEBUG nextflow.cli.CmdRun - N E X T F L O W  ~  version 24.04.4
Oct-18 16:53:02.306 [main] DEBUG nextflow.plugin.PluginsFacade - Setting up plugin manager > mode=prod; embedded=false; plugins-dir=/home/iaguilar/.nextflow/plugins; core-plugins: nf-amazon@2.5.3,nf-azure@1.6.1,nf-cloudcache@0.4.1,nf-codecommit@0.2.1,nf-console@1.1.3,nf-ga4gh@1.3.0,nf-google@1.13.2-patch1,nf-tower@1.9.1,nf-wave@1.4.2-patch1
Oct-18 16:53:02.331 [main] INFO  o.pf4j.DefaultPluginStatusProvider - Enabled plugins: []
Oct-18 16:53:02.332 [main] INFO  o.pf4j.DefaultPluginStatusProvider - Disabled plugins: []
Oct-18 16:53:02.339 [main] INFO  org.pf4j.DefaultPluginManager - PF4J version 3.12.0 in 'deployment' mode
Oct-18 16:53:02.373 [main] INFO  org.pf4j.AbstractPluginManager - No plugins
Oct-18 16:53:02.485 [main] DEBUG n.secret.LocalSecretsProvider - Secrets store: /home/iaguilar/.nextflow/secrets/store.json
Oct-18 16:53:02.513 [main] DEBUG nextflow.secret.SecretsLoader - Discovered secrets providers: [nextflow.secret.LocalSecretsProvider@1be59f28] - activable => nextflow.secret.LocalSecretsProvider@1be59f28
Oct-18 16:53:02.672 [main] DEBUG nextflow.cli.CmdRun - Applied DSL=2 from script declaration
Oct-18 16:53:02.752 [main] DEBUG nextflow.cli.CmdRun - Launching `testmodule.nf` [festering_bhaskara] DSL2 - revision: 508704137f
Oct-18 16:53:02.758 [main] DEBUG nextflow.plugin.PluginsFacade - Plugins default=[]
Oct-18 16:53:02.762 [main] DEBUG nextflow.plugin.PluginsFacade - Plugins resolved requirement=[]
Oct-18 16:53:02.909 [main] DEBUG nextflow.Session - Session UUID: 75f53186-0de2-4ece-abef-9b2085d3fdbb
Oct-18 16:53:02.910 [main] DEBUG nextflow.Session - Run name: festering_bhaskara
Oct-18 16:53:02.911 [main] DEBUG nextflow.Session - Executor pool size: 4
Oct-18 16:53:02.926 [main] DEBUG nextflow.file.FilePorter - File porter settings maxRetries=3; maxTransfers=50; pollTimeout=null
Oct-18 16:53:02.941 [main] DEBUG nextflow.util.ThreadPoolBuilder - Creating thread pool 'FileTransfer' minSize=10; maxSize=12; workQueue=LinkedBlockingQueue[10000]; allowCoreThreadTimeout=false
Oct-18 16:53:02.993 [main] DEBUG nextflow.cli.CmdRun - 
  Version: 24.04.4 build 5917
  Created: 01-08-2024 07:05 UTC (02:05 CDT)
  System: Linux 6.8.0-45-generic
  Runtime: Groovy 4.0.21 on OpenJDK 64-Bit Server VM 11.0.1+13-LTS
  Encoding: UTF-8 (UTF-8)
  Process: 1913433@esmedev [127.0.1.1]
  CPUs: 4 - Mem: 62.7 GB (44.5 GB) - Swap: 2 GB (2 GB)
Oct-18 16:53:03.039 [main] DEBUG nextflow.Session - Work-dir: /home/iaguilar/Ongoing_projects/origen-VCF2PCP-2/modules/04-b-plotPCA/work [ext2/ext3]
Oct-18 16:53:03.041 [main] DEBUG nextflow.Session - Script base path does not exist or is not a directory: /home/iaguilar/Ongoing_projects/origen-VCF2PCP-2/modules/04-b-plotPCA/bin
Oct-18 16:53:03.061 [main] DEBUG nextflow.executor.ExecutorFactory - Extension executors providers=[]
Oct-18 16:53:03.080 [main] DEBUG nextflow.Session - Observer factory: DefaultObserverFactory
Oct-18 16:53:03.202 [main] DEBUG nextflow.cache.CacheFactory - Using Nextflow cache factory: nextflow.cache.DefaultCacheFactory
Oct-18 16:53:03.272 [main] DEBUG nextflow.util.CustomThreadPool - Creating default thread pool > poolSize: 5; maxThreads: 1000
Oct-18 16:53:03.422 [main] DEBUG nextflow.Session - Session start
Oct-18 16:53:04.921 [main] DEBUG nextflow.script.ScriptRunner - > Launching execution
Oct-18 16:53:06.394 [main] DEBUG nextflow.executor.ExecutorFactory - << taskConfig executor: null
Oct-18 16:53:06.395 [main] DEBUG nextflow.executor.ExecutorFactory - >> processorType: 'local'
Oct-18 16:53:06.415 [main] DEBUG nextflow.executor.Executor - [warm up] executor > local
Oct-18 16:53:06.430 [main] DEBUG n.processor.LocalPollingMonitor - Creating local task monitor for executor 'local' > cpus=4; memory=62.7 GB; capacity=4; pollInterval=100ms; dumpInterval=5m
Oct-18 16:53:06.438 [main] DEBUG n.processor.TaskPollingMonitor - >>> barrier register (monitor: local)
Oct-18 16:53:06.647 [main] DEBUG nextflow.Session - Workflow process names [dsl2]: plotpca, PLOTPCA:plotpca
Oct-18 16:53:06.648 [main] DEBUG nextflow.Session - Igniting dataflow network (4)
Oct-18 16:53:06.713 [main] DEBUG nextflow.processor.TaskProcessor - Starting process > PLOTPCA:plotpca
Oct-18 16:53:06.721 [main] DEBUG nextflow.script.ScriptRunner - Parsed script files:
  Script_66a16732699a88a0: /home/iaguilar/Ongoing_projects/origen-VCF2PCP-2/modules/04-b-plotPCA/testmodule.nf
  Script_f2b35b02d7900e08: /home/iaguilar/Ongoing_projects/origen-VCF2PCP-2/modules/04-b-plotPCA/./main.nf
Oct-18 16:53:06.723 [main] DEBUG nextflow.script.ScriptRunner - > Awaiting termination 
Oct-18 16:53:06.723 [main] DEBUG nextflow.Session - Session await
Oct-18 16:53:06.722 [PathVisitor-1] DEBUG nextflow.file.PathVisitor - files for syntax: glob; folder: test/data/; pattern: *; options: [:]
Oct-18 16:53:07.469 [Task submitter] DEBUG n.executor.local.LocalTaskHandler - Launch cmd line: /bin/bash -ue .command.run
Oct-18 16:53:07.475 [Task submitter] INFO  nextflow.Session - [ed/6cee29] Submitted process > PLOTPCA:plotpca (1)
Oct-18 16:53:56.700 [Task monitor] DEBUG n.processor.TaskPollingMonitor - Task completed > TaskHandler[id: 1; name: PLOTPCA:plotpca (1); status: COMPLETED; exit: 0; error: -; workDir: /home/iaguilar/Ongoing_projects/origen-VCF2PCP-2/modules/04-b-plotPCA/work/ed/6cee29587b176730595371440c7a3b]
Oct-18 16:53:56.702 [Task monitor] DEBUG nextflow.util.ThreadPoolBuilder - Creating thread pool 'TaskFinalizer' minSize=10; maxSize=12; workQueue=LinkedBlockingQueue[10000]; allowCoreThreadTimeout=false
Oct-18 16:53:56.892 [TaskFinalizer-1] DEBUG nextflow.util.ThreadPoolBuilder - Creating thread pool 'PublishDir' minSize=10; maxSize=12; workQueue=LinkedBlockingQueue[10000]; allowCoreThreadTimeout=false
Oct-18 16:53:56.939 [main] DEBUG nextflow.Session - Session await > all processes finished
Oct-18 16:53:57.025 [Task monitor] DEBUG n.processor.TaskPollingMonitor - <<< barrier arrives (monitor: local) - terminating tasks monitor poll loop
Oct-18 16:53:57.051 [main] DEBUG nextflow.Session - Session await > all barriers passed
Oct-18 16:53:57.077 [main] DEBUG nextflow.util.ThreadPoolManager - Thread pool 'TaskFinalizer' shutdown completed (hard=false)
Oct-18 16:53:57.084 [main] DEBUG nextflow.util.ThreadPoolManager - Thread pool 'PublishDir' shutdown completed (hard=false)
Oct-18 16:53:57.114 [main] DEBUG n.trace.WorkflowStatsObserver - Workflow completed > WorkflowStats[succeededCount=1; failedCount=0; ignoredCount=0; cachedCount=0; pendingCount=0; submittedCount=0; runningCount=0; retriesCount=0; abortedCount=0; succeedDuration=49.2s; failedDuration=0ms; cachedDuration=0ms;loadCpus=0; loadMemory=0; peakRunning=1; peakCpus=1; peakMemory=0; ]
Oct-18 16:53:57.328 [main] DEBUG nextflow.cache.CacheDB - Closing CacheDB done
Oct-18 16:53:57.358 [main] DEBUG nextflow.util.ThreadPoolManager - Thread pool 'FileTransfer' shutdown completed (hard=false)
Oct-18 16:53:57.359 [main] DEBUG nextflow.script.ScriptRunner - > Execution complete -- Goodbye
